Determining if the pthread_create exist failed with the following output:
Change Dir: /media/sf_GitHub/Perception_Robotics/catkin_ws/build/CMakeFiles/CMakeTmp

Run Build Command:/usr/bin/make "cmTryCompileExec4031680553/fast"
make: Warning: File `Makefile' has modification time 0.91 s in the future
/usr/bin/make -f CMakeFiles/cmTryCompileExec4031680553.dir/build.make CMakeFiles/cmTryCompileExec4031680553.dir/build
make[1]: Entering directory `/media/sf_GitHub/Perception_Robotics/catkin_ws/build/CMakeFiles/CMakeTmp'
make[1]: Warning: File `CMakeFiles/cmTryCompileExec4031680553.dir/flags.make' has modification time 0.9 s in the future
/usr/bin/cmake -E cmake_progress_report /media/sf_GitHub/Perception_Robotics/catkin_ws/build/CMakeFiles/CMakeTmp/CMakeFiles 1
Building C object CMakeFiles/cmTryCompileExec4031680553.dir/CheckSymbolExists.c.o
/usr/bin/cc    -o CMakeFiles/cmTryCompileExec4031680553.dir/CheckSymbolExists.c.o   -c /media/sf_GitHub/Perception_Robotics/catkin_ws/build/CMakeFiles/CMakeTmp/CheckSymbolExists.c
Linking C executable cmTryCompileExec4031680553
/usr/bin/cmake -E cmake_link_script CMakeFiles/cmTryCompileExec4031680553.dir/link.txt --verbose=1
/usr/bin/cc       CMakeFiles/cmTryCompileExec4031680553.dir/CheckSymbolExists.c.o  -o cmTryCompileExec4031680553 -rdynamic 
CMakeFiles/cmTryCompileExec4031680553.dir/CheckSymbolExists.c.o: In function `main':
CheckSymbolExists.c:(.text+0x16): undefined reference to `pthread_create'
collect2: error: ld returned 1 exit status
make[1]: *** [cmTryCompileExec4031680553] Error 1
make[1]: Leaving directory `/media/sf_GitHub/Perception_Robotics/catkin_ws/build/CMakeFiles/CMakeTmp'
make: *** [cmTryCompileExec4031680553/fast] Error 2

File /media/sf_GitHub/Perception_Robotics/catkin_ws/build/CMakeFiles/CMakeTmp/CheckSymbolExists.c:
/* */
#include <pthread.h>

int main(int argc, char** argv)
{
  (void)argv;
#ifndef pthread_create
  return ((int*)(&pthread_create))[argc];
#else
  (void)argc;
  return 0;
#endif
}

Determining if the function pthread_create exists in the pthreads failed with the following output:
Change Dir: /media/sf_GitHub/Perception_Robotics/catkin_ws/build/CMakeFiles/CMakeTmp

Run Build Command:/usr/bin/make "cmTryCompileExec3058332105/fast"
make: Warning: File `Makefile' has modification time 0.92 s in the future
/usr/bin/make -f CMakeFiles/cmTryCompileExec3058332105.dir/build.make CMakeFiles/cmTryCompileExec3058332105.dir/build
make[1]: Entering directory `/media/sf_GitHub/Perception_Robotics/catkin_ws/build/CMakeFiles/CMakeTmp'
make[1]: Warning: File `CMakeFiles/cmTryCompileExec3058332105.dir/flags.make' has modification time 0.91 s in the future
/usr/bin/cmake -E cmake_progress_report /media/sf_GitHub/Perception_Robotics/catkin_ws/build/CMakeFiles/CMakeTmp/CMakeFiles 1
Building C object CMakeFiles/cmTryCompileExec3058332105.dir/CheckFunctionExists.c.o
/usr/bin/cc   -DCHECK_FUNCTION_EXISTS=pthread_create   -o CMakeFiles/cmTryCompileExec3058332105.dir/CheckFunctionExists.c.o   -c /usr/share/cmake-2.8/Modules/CheckFunctionExists.c
Linking C executable cmTryCompileExec3058332105
/usr/bin/cmake -E cmake_link_script CMakeFiles/cmTryCompileExec3058332105.dir/link.txt --verbose=1
/usr/bin/cc   -DCHECK_FUNCTION_EXISTS=pthread_create    CMakeFiles/cmTryCompileExec3058332105.dir/CheckFunctionExists.c.o  -o cmTryCompileExec3058332105 -rdynamic -lpthreads 
/usr/bin/ld: cannot find -lpthreads
collect2: error: ld returned 1 exit status
make[1]: *** [cmTryCompileExec3058332105] Error 1
make[1]: Leaving directory `/media/sf_GitHub/Perception_Robotics/catkin_ws/build/CMakeFiles/CMakeTmp'
make: *** [cmTryCompileExec3058332105/fast] Error 2


